<?xml version="1.0" encoding="UTF-8"?>
<!-- Generated by org.testng.reporters.JUnitXMLReporter -->
<testsuite ignored="0" hostname="LAPTOP-Q9245QS6" failures="0" tests="6" name="Test" time="2.714" errors="0" timestamp="2024-02-08T14:32:49 IST">
  <testcase classname="ecomm_practice.Ecomm_Test" name="login" time="1.6"/>
  <testcase classname="ecomm_practice.Ecomm_Test" name="create_Product" time="0.289"/>
  <testcase classname="ecomm_practice.Ecomm_Test" name="validate_Product" time="0.449"/>
  <testcase classname="ecomm_practice.Ecomm_Test" name="create_Order" time="0.144"/>
  <testcase classname="ecomm_practice.Ecomm_Test" name="delete_Order" time="0.093"/>
  <testcase classname="ecomm_practice.Ecomm_Test" name="delete_Product" time="0.091"/>
</testsuite> <!-- Test -->
