<?xml version="1.0" encoding="UTF-8"?>
<testng-results ignored="0" total="6" passed="6" failed="0" skipped="0">
  <reporter-output>
  </reporter-output>
  <suite started-at="2024-02-08T14:32:47 IST" name="Suite" finished-at="2024-02-08T14:32:49 IST" duration-ms="2714">
    <groups>
    </groups>
    <test started-at="2024-02-08T14:32:47 IST" name="Test" finished-at="2024-02-08T14:32:49 IST" duration-ms="2714">
      <class name="ecomm_practice.Ecomm_Test">
        <test-method signature="login()[pri:0, instance:ecomm_practice.Ecomm_Test@3e58a80e]" started-at="2024-02-08T14:32:47 IST" name="login" finished-at="2024-02-08T14:32:48 IST" duration-ms="1600" status="PASS">
          <reporter-output>
          </reporter-output>
        </test-method> <!-- login -->
        <test-method signature="create_Product()[pri:1, instance:ecomm_practice.Ecomm_Test@3e58a80e]" started-at="2024-02-08T14:32:48 IST" name="create_Product" finished-at="2024-02-08T14:32:49 IST" duration-ms="289" status="PASS">
          <reporter-output>
          </reporter-output>
        </test-method> <!-- create_Product -->
        <test-method signature="validate_Product()[pri:2, instance:ecomm_practice.Ecomm_Test@3e58a80e]" started-at="2024-02-08T14:32:49 IST" name="validate_Product" finished-at="2024-02-08T14:32:49 IST" duration-ms="449" status="PASS">
          <reporter-output>
          </reporter-output>
        </test-method> <!-- validate_Product -->
        <test-method signature="create_Order()[pri:3, instance:ecomm_practice.Ecomm_Test@3e58a80e]" started-at="2024-02-08T14:32:49 IST" name="create_Order" finished-at="2024-02-08T14:32:49 IST" duration-ms="144" status="PASS">
          <reporter-output>
          </reporter-output>
        </test-method> <!-- create_Order -->
        <test-method signature="delete_Order()[pri:4, instance:ecomm_practice.Ecomm_Test@3e58a80e]" started-at="2024-02-08T14:32:49 IST" name="delete_Order" finished-at="2024-02-08T14:32:49 IST" duration-ms="93" status="PASS">
          <reporter-output>
          </reporter-output>
        </test-method> <!-- delete_Order -->
        <test-method signature="delete_Product()[pri:5, instance:ecomm_practice.Ecomm_Test@3e58a80e]" started-at="2024-02-08T14:32:49 IST" name="delete_Product" finished-at="2024-02-08T14:32:49 IST" duration-ms="91" status="PASS">
          <reporter-output>
          </reporter-output>
        </test-method> <!-- delete_Product -->
      </class> <!-- ecomm_practice.Ecomm_Test -->
    </test> <!-- Test -->
  </suite> <!-- Suite -->
</testng-results>
